<?xml version="1.0" encoding="UTF-8"?>
<!-- Generated by org.testng.reporters.JUnitReportReporter -->
<testsuite skipped="0" hostname="DESKTOP-UE5OUV4" name="com.gmaillogin.GmailLogin" tests="1" failures="0" timestamp="15 Sep 2017 11:01:24 GMT" time="40.726" errors="0">
  <testcase name="login" time="40.726" classname="com.gmaillogin.GmailLogin"/>
</testsuite> <!-- com.gmaillogin.GmailLogin -->
